<?xml version="1.0" encoding="UTF-8"?>
<testsuite name="seleniumtest.seleniumTest" tests="1" skipped="0" failures="0" errors="0" timestamp="2017-02-23T13:25:40" hostname="Nazira" time="8.082">
  <properties/>
  <testcase name="test" classname="seleniumtest.seleniumTest" time="8.082"/>
  <system-out><![CDATA[]]></system-out>
  <system-err><![CDATA[1487856340747	geckodriver	INFO	Listening on 127.0.0.1:44796
1487856341384	mozprofile::profile	INFO	Using profile path C:\Users\Nazira\AppData\Local\Temp\rust_mozprofile.R4JLGPRDSo2I
1487856341388	geckodriver::marionette	INFO	Starting browser C:\Program Files (x86)\Mozilla Firefox\firefox.exe
1487856341395	geckodriver::marionette	INFO	Connecting to Marionette on localhost:56696
1487856341581	addons.manager	DEBUG	Application has been upgraded
1487856341737	addons.manager	DEBUG	Loaded provider scope for resource://gre/modules/addons/XPIProvider.jsm: ["XPIProvider"]
1487856341743	addons.manager	DEBUG	Loaded provider scope for resource://gre/modules/LightweightThemeManager.jsm: ["LightweightThemeManager"]
1487856341749	addons.manager	DEBUG	Loaded provider scope for resource://gre/modules/addons/GMPProvider.jsm
1487856341751	addons.manager	DEBUG	Loaded provider scope for resource://gre/modules/addons/PluginProvider.jsm
1487856341752	addons.manager	DEBUG	Starting provider: XPIProvider
1487856341752	addons.xpi	DEBUG	startup
1487856341753	addons.xpi	INFO	SystemAddonInstallLocation directory is missing
1487856341754	addons.xpi	INFO	Mapping e10srollout@mozilla.org to C:\Program Files (x86)\Mozilla Firefox\browser\features\e10srollout@mozilla.org.xpi
1487856341754	addons.xpi	INFO	Mapping firefox@getpocket.com to C:\Program Files (x86)\Mozilla Firefox\browser\features\firefox@getpocket.com.xpi
1487856341754	addons.xpi	INFO	Mapping loop@mozilla.org to C:\Program Files (x86)\Mozilla Firefox\browser\features\loop@mozilla.org.xpi
1487856341755	addons.xpi	INFO	Mapping websensehelper@mozilla.org to C:\Program Files (x86)\Mozilla Firefox\browser\features\websensehelper@mozilla.org.xpi
1487856341755	addons.xpi	INFO	Mapping {972ce4c6-7e08-4474-a285-3208198ce6fd} to C:\Program Files (x86)\Mozilla Firefox\browser\extensions\{972ce4c6-7e08-4474-a285-3208198ce6fd}.xpi
1487856341756	addons.xpi	DEBUG	checkForChanges
1487856341757	addons.xpi	DEBUG	Loaded add-on state from prefs: {}
1487856341758	addons.xpi	DEBUG	New add-on e10srollout@mozilla.org in app-system-defaults
1487856341758	addons.xpi	DEBUG	getModTime: Recursive scan of e10srollout@mozilla.org
1487856341759	addons.xpi	DEBUG	New add-on firefox@getpocket.com in app-system-defaults
1487856341759	addons.xpi	DEBUG	getModTime: Recursive scan of firefox@getpocket.com
1487856341760	addons.xpi	DEBUG	New add-on loop@mozilla.org in app-system-defaults
1487856341760	addons.xpi	DEBUG	getModTime: Recursive scan of loop@mozilla.org
1487856341761	addons.xpi	DEBUG	New add-on websensehelper@mozilla.org in app-system-defaults
1487856341761	addons.xpi	DEBUG	getModTime: Recursive scan of websensehelper@mozilla.org
1487856341761	addons.xpi	DEBUG	New add-on {972ce4c6-7e08-4474-a285-3208198ce6fd} in app-global
1487856341762	addons.xpi	DEBUG	getModTime: Recursive scan of {972ce4c6-7e08-4474-a285-3208198ce6fd}
1487856341762	addons.xpi	DEBUG	getInstallState changed: true, state: {"app-system-defaults":{"e10srollout@mozilla.org":{"d":"C:\\Program Files (x86)\\Mozilla Firefox\\browser\\features\\e10srollout@mozilla.org.xpi","st":1487778577141},"firefox@getpocket.com":{"d":"C:\\Program Files (x86)\\Mozilla Firefox\\browser\\features\\firefox@getpocket.com.xpi","st":1487778577140},"loop@mozilla.org":{"d":"C:\\Program Files (x86)\\Mozilla Firefox\\browser\\features\\loop@mozilla.org.xpi","st":1487778576980},"websensehelper@mozilla.org":{"d":"C:\\Program Files (x86)\\Mozilla Firefox\\browser\\features\\websensehelper@mozilla.org.xpi","st":1487778576870}},"app-global":{"{972ce4c6-7e08-4474-a285-3208198ce6fd}":{"d":"C:\\Program Files (x86)\\Mozilla Firefox\\browser\\extensions\\{972ce4c6-7e08-4474-a285-3208198ce6fd}.xpi","st":1487778577141}}}
1487856341771	addons.xpi-utils	DEBUG	Opening XPI database C:\Users\Nazira\AppData\Local\Temp\rust_mozprofile.R4JLGPRDSo2I\extensions.json
1487856341772	addons.xpi-utils	DEBUG	New add-on e10srollout@mozilla.org installed in app-system-defaults
*** Blocklist::_loadBlocklistFromFile: blocklist is disabled
1487856341780	DeferredSave.extensions.json	DEBUG	Save changes
1487856341781	addons.xpi-utils	DEBUG	New add-on firefox@getpocket.com installed in app-system-defaults
1487856341784	DeferredSave.extensions.json	DEBUG	Starting timer
1487856341784	DeferredSave.extensions.json	DEBUG	Save changes
1487856341785	addons.xpi-utils	DEBUG	New add-on loop@mozilla.org installed in app-system-defaults
1487856341789	DeferredSave.extensions.json	DEBUG	Save changes
1487856341789	addons.xpi-utils	DEBUG	New add-on websensehelper@mozilla.org installed in app-system-defaults
1487856341792	DeferredSave.extensions.json	DEBUG	Save changes
1487856341793	addons.xpi-utils	DEBUG	New add-on {972ce4c6-7e08-4474-a285-3208198ce6fd} installed in app-global
1487856341796	DeferredSave.extensions.json	DEBUG	Save changes
1487856341796	addons.xpi-utils	INFO	Hiding the updated system add-ons.
1487856341801	addons.xpi	DEBUG	Loading bootstrap scope from C:\Program Files (x86)\Mozilla Firefox\browser\features\e10srollout@mozilla.org.xpi
1487856341810	addons.xpi	DEBUG	Calling bootstrap method install on e10srollout@mozilla.org version 1.0
1487856341810	addons.xpi-utils	DEBUG	Make addon app-system-defaults:e10srollout@mozilla.org visible
1487856341811	DeferredSave.extensions.json	DEBUG	Save changes
1487856341811	addons.xpi	DEBUG	Loading bootstrap scope from C:\Program Files (x86)\Mozilla Firefox\browser\features\firefox@getpocket.com.xpi
1487856341814	addons.xpi	DEBUG	Calling bootstrap method install on firefox@getpocket.com version 1.0.2
1487856341814	addons.xpi-utils	DEBUG	Make addon app-system-defaults:firefox@getpocket.com visible
1487856341814	DeferredSave.extensions.json	DEBUG	Save changes
1487856341815	addons.xpi	DEBUG	Loading bootstrap scope from C:\Program Files (x86)\Mozilla Firefox\browser\features\loop@mozilla.org.xpi
1487856341819	addons.xpi	DEBUG	Calling bootstrap method install on loop@mozilla.org version 1.3.2
1487856341819	addons.xpi-utils	DEBUG	Make addon app-system-defaults:loop@mozilla.org visible
1487856341819	DeferredSave.extensions.json	DEBUG	Save changes
1487856341820	addons.xpi	DEBUG	Loading bootstrap scope from C:\Program Files (x86)\Mozilla Firefox\browser\features\websensehelper@mozilla.org.xpi
1487856341822	addons.xpi	DEBUG	Calling bootstrap method install on websensehelper@mozilla.org version 1.0
1487856341822	addons.xpi-utils	DEBUG	Make addon app-system-defaults:websensehelper@mozilla.org visible
1487856341822	DeferredSave.extensions.json	DEBUG	Save changes
1487856341822	addons.xpi-utils	DEBUG	Make addon app-global:{972ce4c6-7e08-4474-a285-3208198ce6fd} visible
1487856341822	DeferredSave.extensions.json	DEBUG	Save changes
1487856341823	addons.xpi	DEBUG	Updating XPIState for {"id":"e10srollout@mozilla.org","syncGUID":"zDWnlPc9-b7m","location":"app-system-defaults","version":"1.0","type":"extension","internalName":null,"updateURL":null,"updateKey":null,"optionsURL":null,"optionsType":null,"aboutURL":null,"icons":{},"iconURL":null,"icon64URL":null,"defaultLocale":{"name":"Multi-process staged rollout","description":"Staged rollout of Firefox multi-process feature.","creator":null,"homepageURL":null},"visible":true,"active":true,"userDisabled":false,"appDisabled":false,"descriptor":"C:\\Program Files (x86)\\Mozilla Firefox\\browser\\features\\e10srollout@mozilla.org.xpi","installDate":1487778577141,"updateDate":1487778577141,"applyBackgroundUpdates":1,"bootstrap":true,"skinnable":false,"size":4584,"sourceURI":null,"releaseNotesURI":null,"softDisabled":false,"foreignInstall":false,"hasBinaryComponents":false,"strictCompatibility":false,"locales":[],"targetApplications":[{"id":"{ec8030f7-c20a-464f-9b0e-13a3a9e97384}","minVersion":"47.0.2","maxVersion":"47.0.2"}],"targetPlatforms":[],"multiprocessCompatible":false,"seen":true}
1487856341823	addons.xpi	DEBUG	getModTime: Recursive scan of e10srollout@mozilla.org
1487856341823	addons.xpi	DEBUG	Updating XPIState for {"id":"firefox@getpocket.com","syncGUID":"iorLD3PcyVjO","location":"app-system-defaults","version":"1.0.2","type":"extension","internalName":null,"updateURL":null,"updateKey":null,"optionsURL":null,"optionsType":null,"aboutURL":null,"icons":{},"iconURL":null,"icon64URL":null,"defaultLocale":{"name":"Pocket","description":"When you find something you want to view later, put it in Pocket.","creator":null,"homepageURL":null},"visible":true,"active":true,"userDisabled":false,"appDisabled":false,"descriptor":"C:\\Program Files (x86)\\Mozilla Firefox\\browser\\features\\firefox@getpocket.com.xpi","installDate":1487778577140,"updateDate":1487778577140,"applyBackgroundUpdates":1,"bootstrap":true,"skinnable":false,"size":895207,"sourceURI":null,"releaseNotesURI":null,"softDisabled":false,"foreignInstall":false,"hasBinaryComponents":false,"strictCompatibility":false,"locales":[],"targetApplications":[{"id":"{ec8030f7-c20a-464f-9b0e-13a3a9e97384}","minVersion":"47.0.2","maxVersion":"47.0.2"}],"targetPlatforms":[],"multiprocessCompatible":false,"seen":true}
1487856341823	addons.xpi	DEBUG	getModTime: Recursive scan of firefox@getpocket.com
1487856341823	addons.xpi	DEBUG	Updating XPIState for {"id":"loop@mozilla.org","syncGUID":"aPZlVJWAJb-b","location":"app-system-defaults","version":"1.3.2","type":"extension","internalName":null,"updateURL":null,"updateKey":null,"optionsURL":null,"optionsType":null,"aboutURL":null,"icons":{},"iconURL":null,"icon64URL":null,"defaultLocale":{"name":"Firefox Hello","description":"Web sharing for Firefox","creator":"Mozilla","homepageURL":null},"visible":true,"active":true,"userDisabled":false,"appDisabled":false,"descriptor":"C:\\Program Files (x86)\\Mozilla Firefox\\browser\\features\\loop@mozilla.org.xpi","installDate":1487778576980,"updateDate":1487778576980,"applyBackgroundUpdates":1,"bootstrap":true,"skinnable":false,"size":4243420,"sourceURI":null,"releaseNotesURI":null,"softDisabled":false,"foreignInstall":false,"hasBinaryComponents":false,"strictCompatibility":false,"locales":[],"targetApplications":[{"id":"{ec8030f7-c20a-464f-9b0e-13a3a9e97384}","minVersion":"46.0a1","maxVersion":"47.*"},{"id":"xpcshell@tests.mozilla.org","minVersion":"0","maxVersion":"10"}],"targetPlatforms":[],"multiprocessCompatible":false,"seen":true}
1487856341823	addons.xpi	DEBUG	getModTime: Recursive scan of loop@mozilla.org
1487856341824	addons.xpi	DEBUG	Updating XPIState for {"id":"websensehelper@mozilla.org","syncGUID":"aoMa_1mso4C5","location":"app-system-defaults","version":"1.0","type":"extension","internalName":null,"updateURL":null,"updateKey":null,"optionsURL":null,"optionsType":null,"aboutURL":null,"icons":{},"iconURL":null,"icon64URL":null,"defaultLocale":{"name":"Websense Helper","description":"Checks for the non-presence of Websense to allow updates to happen.","creator":null,"homepageURL":null},"visible":true,"active":true,"userDisabled":false,"appDisabled":false,"descriptor":"C:\\Program Files (x86)\\Mozilla Firefox\\browser\\features\\websensehelper@mozilla.org.xpi","installDate":1487778576870,"updateDate":1487778576870,"applyBackgroundUpdates":1,"bootstrap":true,"skinnable":false,"size":3110,"sourceURI":null,"releaseNotesURI":null,"softDisabled":false,"foreignInstall":false,"hasBinaryComponents":false,"strictCompatibility":false,"locales":[],"targetApplications":[{"id":"{ec8030f7-c20a-464f-9b0e-13a3a9e97384}","minVersion":"47.0.2","maxVersion":"47.*"}],"targetPlatforms":[],"multiprocessCompatible":false,"seen":true}
1487856341824	addons.xpi	DEBUG	getModTime: Recursive scan of websensehelper@mozilla.org
1487856341824	addons.xpi	DEBUG	Updating XPIState for {"id":"{972ce4c6-7e08-4474-a285-3208198ce6fd}","syncGUID":"O37wEwsaCtyz","location":"app-global","version":"47.0.2","type":"theme","internalName":"classic/1.0","updateURL":null,"updateKey":null,"optionsURL":null,"optionsType":null,"aboutURL":null,"icons":{"32":"icon.png","48":"icon.png"},"iconURL":null,"icon64URL":null,"defaultLocale":{"name":"Default","description":"The default theme.","creator":"Mozilla","homepageURL":null,"contributors":["Mozilla Contributors"]},"visible":true,"active":true,"userDisabled":false,"appDisabled":false,"descriptor":"C:\\Program Files (x86)\\Mozilla Firefox\\browser\\extensions\\{972ce4c6-7e08-4474-a285-3208198ce6fd}.xpi","installDate":1487778577141,"updateDate":1487778577141,"applyBackgroundUpdates":1,"skinnable":true,"size":22012,"sourceURI":null,"releaseNotesURI":null,"softDisabled":false,"foreignInstall":false,"hasBinaryComponents":false,"strictCompatibility":true,"locales":[],"targetApplications":[{"id":"{ec8030f7-c20a-464f-9b0e-13a3a9e97384}","minVersion":"47.0.2","maxVersion":"47.0.2"}],"targetPlatforms":[],"seen":true}
1487856341825	addons.xpi	DEBUG	getModTime: Recursive scan of {972ce4c6-7e08-4474-a285-3208198ce6fd}
1487856341826	DeferredSave.extensions.json	DEBUG	Save changes
1487856341826	addons.xpi	DEBUG	Updating database with changes to installed add-ons
1487856341826	addons.xpi-utils	DEBUG	Updating add-on states
1487856341827	addons.xpi-utils	DEBUG	Writing add-ons list
1487856341828	addons.xpi	DEBUG	Registering manifest for C:\Program Files (x86)\Mozilla Firefox\browser\features\e10srollout@mozilla.org.xpi
1487856341828	addons.xpi	DEBUG	Calling bootstrap method startup on e10srollout@mozilla.org version 1.0
1487856341829	addons.xpi	DEBUG	Registering manifest for C:\Program Files (x86)\Mozilla Firefox\browser\features\firefox@getpocket.com.xpi
1487856341829	addons.xpi	DEBUG	Calling bootstrap method startup on firefox@getpocket.com version 1.0.2
1487856341830	addons.xpi	DEBUG	Registering manifest for C:\Program Files (x86)\Mozilla Firefox\browser\features\loop@mozilla.org.xpi
1487856341830	addons.xpi	DEBUG	Calling bootstrap method startup on loop@mozilla.org version 1.3.2
1487856341845	addons.xpi	DEBUG	Registering manifest for C:\Program Files (x86)\Mozilla Firefox\browser\features\websensehelper@mozilla.org.xpi
1487856341846	addons.xpi	DEBUG	Calling bootstrap method startup on websensehelper@mozilla.org version 1.0
1487856341848	addons.manager	DEBUG	Registering shutdown blocker for XPIProvider
1487856341848	addons.manager	DEBUG	Provider finished startup: XPIProvider
1487856341848	addons.manager	DEBUG	Starting provider: LightweightThemeManager
1487856341848	addons.manager	DEBUG	Registering shutdown blocker for LightweightThemeManager
1487856341849	addons.manager	DEBUG	Provider finished startup: LightweightThemeManager
1487856341849	addons.manager	DEBUG	Starting provider: GMPProvider
1487856341853	addons.manager	DEBUG	Registering shutdown blocker for GMPProvider
1487856341853	addons.manager	DEBUG	Provider finished startup: GMPProvider
1487856341853	addons.manager	DEBUG	Starting provider: PluginProvider
1487856341853	addons.manager	DEBUG	Registering shutdown blocker for PluginProvider
1487856341854	addons.manager	DEBUG	Provider finished startup: PluginProvider
1487856341854	addons.manager	DEBUG	Completed startup sequence
1487856342345	Marionette	INFO	Listening on port 56696
1487856343643	addons.manager	DEBUG	Starting provider: <unnamed-provider>
1487856343643	addons.manager	DEBUG	Registering shutdown blocker for <unnamed-provider>
1487856343643	addons.manager	DEBUG	Provider finished startup: <unnamed-provider>
1487856343667	addons.manager	DEBUG	Starting provider: PreviousExperimentProvider
1487856343667	addons.manager	DEBUG	Registering shutdown blocker for PreviousExperimentProvider
1487856343667	addons.manager	DEBUG	Provider finished startup: PreviousExperimentProvider
1487856343669	DeferredSave.extensions.json	DEBUG	Starting write
1487856343910	DeferredSave.extensions.json	DEBUG	Write succeeded
1487856343910	addons.xpi-utils	DEBUG	XPI Database saved, setting schema version preference to 17
фев 23, 2017 7:25:45 PM org.openqa.selenium.remote.ProtocolHandshake createSession
INFO: Detected dialect: W3C
1487856347853	addons.xpi	DEBUG	Calling bootstrap method shutdown on e10srollout@mozilla.org version 1.0
1487856347854	addons.xpi	DEBUG	Calling bootstrap method shutdown on firefox@getpocket.com version 1.0.2
1487856347854	addons.xpi	DEBUG	Calling bootstrap method shutdown on loop@mozilla.org version 1.3.2
1487856347855	addons.xpi	DEBUG	Calling bootstrap method shutdown on websensehelper@mozilla.org version 1.0
]]></system-err>
</testsuite>
